<?xml version="1.0" encoding="UTF-8"?>
<testsuite xmlns:xsi="http://www.w3.org/2001/XMLSchema-instance" xsi:noNamespaceSchemaLocation="https://maven.apache.org/surefire/maven-surefire-plugin/xsd/surefire-test-report-3.0.xsd" version="3.0" name="TestSuite" time="101.5" tests="26" errors="0" skipped="0" failures="2">
  <properties>
    <property name="java.specification.version" value="17"/>
    <property name="sun.cpu.isalist" value="amd64"/>
    <property name="sun.jnu.encoding" value="Cp1252"/>
    <property name="java.class.path" value="C:\Java\Framework\target\test-classes;C:\Java\Framework\target\classes;C:\Users\kravikumar\.m2\repository\io\rest-assured\rest-assured\5.2.0\rest-assured-5.2.0.jar;C:\Users\kravikumar\.m2\repository\org\apache\groovy\groovy\4.0.1\groovy-4.0.1.jar;C:\Users\kravikumar\.m2\repository\org\apache\groovy\groovy-xml\4.0.1\groovy-xml-4.0.1.jar;C:\Users\kravikumar\.m2\repository\org\apache\httpcomponents\httpclient\4.5.13\httpclient-4.5.13.jar;C:\Users\kravikumar\.m2\repository\org\apache\httpcomponents\httpcore\4.4.13\httpcore-4.4.13.jar;C:\Users\kravikumar\.m2\repository\commons-logging\commons-logging\1.2\commons-logging-1.2.jar;C:\Users\kravikumar\.m2\repository\org\apache\httpcomponents\httpmime\4.5.13\httpmime-4.5.13.jar;C:\Users\kravikumar\.m2\repository\org\hamcrest\hamcrest\2.1\hamcrest-2.1.jar;C:\Users\kravikumar\.m2\repository\org\ccil\cowan\tagsoup\tagsoup\1.2.1\tagsoup-1.2.1.jar;C:\Users\kravikumar\.m2\repository\io\rest-assured\json-path\5.2.0\json-path-5.2.0.jar;C:\Users\kravikumar\.m2\repository\org\apache\groovy\groovy-json\4.0.1\groovy-json-4.0.1.jar;C:\Users\kravikumar\.m2\repository\io\rest-assured\rest-assured-common\5.2.0\rest-assured-common-5.2.0.jar;C:\Users\kravikumar\.m2\repository\io\rest-assured\xml-path\5.2.0\xml-path-5.2.0.jar;C:\Users\kravikumar\.m2\repository\org\apache\commons\commons-lang3\3.11\commons-lang3-3.11.jar;C:\Users\kravikumar\.m2\repository\org\testng\testng\7.6.1\testng-7.6.1.jar;C:\Users\kravikumar\.m2\repository\com\google\code\findbugs\jsr305\3.0.2\jsr305-3.0.2.jar;C:\Users\kravikumar\.m2\repository\org\slf4j\slf4j-api\1.7.36\slf4j-api-1.7.36.jar;C:\Users\kravikumar\.m2\repository\com\beust\jcommander\1.82\jcommander-1.82.jar;C:\Users\kravikumar\.m2\repository\org\webjars\jquery\3.6.0\jquery-3.6.0.jar;C:\Users\kravikumar\.m2\repository\com\googlecode\json-simple\json-simple\1.1.1\json-simple-1.1.1.jar;C:\Users\kravikumar\.m2\repository\junit\junit\4.10\junit-4.10.jar;C:\Users\kravikumar\.m2\repository\org\hamcrest\hamcrest-core\1.1\hamcrest-core-1.1.jar;C:\Users\kravikumar\.m2\repository\org\apache\poi\poi\5.2.2\poi-5.2.2.jar;C:\Users\kravikumar\.m2\repository\commons-codec\commons-codec\1.15\commons-codec-1.15.jar;C:\Users\kravikumar\.m2\repository\org\apache\commons\commons-collections4\4.4\commons-collections4-4.4.jar;C:\Users\kravikumar\.m2\repository\org\apache\commons\commons-math3\3.6.1\commons-math3-3.6.1.jar;C:\Users\kravikumar\.m2\repository\commons-io\commons-io\2.11.0\commons-io-2.11.0.jar;C:\Users\kravikumar\.m2\repository\com\zaxxer\SparseBitSet\1.2\SparseBitSet-1.2.jar;C:\Users\kravikumar\.m2\repository\org\apache\poi\poi-ooxml\5.2.2\poi-ooxml-5.2.2.jar;C:\Users\kravikumar\.m2\repository\org\apache\poi\poi-ooxml-lite\5.2.2\poi-ooxml-lite-5.2.2.jar;C:\Users\kravikumar\.m2\repository\org\apache\xmlbeans\xmlbeans\5.0.3\xmlbeans-5.0.3.jar;C:\Users\kravikumar\.m2\repository\org\apache\commons\commons-compress\1.21\commons-compress-1.21.jar;C:\Users\kravikumar\.m2\repository\com\github\virtuald\curvesapi\1.07\curvesapi-1.07.jar;C:\Users\kravikumar\.m2\repository\log4j\log4j\1.2.17\log4j-1.2.17.jar;C:\Users\kravikumar\.m2\repository\org\apache\logging\log4j\log4j-core\2.19.0\log4j-core-2.19.0.jar;C:\Users\kravikumar\.m2\repository\org\apache\logging\log4j\log4j-api\2.19.0\log4j-api-2.19.0.jar;C:\Users\kravikumar\.m2\repository\com\aventstack\extentreports\5.0.9\extentreports-5.0.9.jar;C:\Users\kravikumar\.m2\repository\io\reactivex\rxjava3\rxjava\3.0.4\rxjava-3.0.4.jar;C:\Users\kravikumar\.m2\repository\org\reactivestreams\reactive-streams\1.0.3\reactive-streams-1.0.3.jar;C:\Users\kravikumar\.m2\repository\org\freemarker\freemarker\2.3.30\freemarker-2.3.30.jar;C:\Users\kravikumar\.m2\repository\org\projectlombok\lombok\1.18.12\lombok-1.18.12.jar;C:\Users\kravikumar\.m2\repository\com\google\code\gson\gson\2.8.6\gson-2.8.6.jar;"/>
    <property name="java.vm.vendor" value="Eclipse Adoptium"/>
    <property name="sun.arch.data.model" value="64"/>
    <property name="user.variant" value=""/>
    <property name="java.vendor.url" value="https://adoptium.net/"/>
    <property name="user.timezone" value="Asia/Calcutta"/>
    <property name="os.name" value="Windows 11"/>
    <property name="java.vm.specification.version" value="17"/>
    <property name="sun.java.launcher" value="SUN_STANDARD"/>
    <property name="user.country" value="US"/>
    <property name="sun.boot.library.path" value="C:\Users\kravikumar\.p2\pool\plugins\org.eclipse.justj.openjdk.hotspot.jre.full.win32.x86_64_17.0.4.v20220805-1047\jre\bin"/>
    <property name="sun.java.command" value="C:\Users\kravikumar\AppData\Local\Temp\surefire5152689456787881945\surefirebooter-20221121110429968_3.jar C:\Users\kravikumar\AppData\Local\Temp\surefire5152689456787881945 2022-11-21T11-04-29_191-jvmRun1 surefire-20221121110429968_1tmp surefire_0-20221121110429968_2tmp"/>
    <property name="jdk.debug" value="release"/>
    <property name="surefire.test.class.path" value="C:\Java\Framework\target\test-classes;C:\Java\Framework\target\classes;C:\Users\kravikumar\.m2\repository\io\rest-assured\rest-assured\5.2.0\rest-assured-5.2.0.jar;C:\Users\kravikumar\.m2\repository\org\apache\groovy\groovy\4.0.1\groovy-4.0.1.jar;C:\Users\kravikumar\.m2\repository\org\apache\groovy\groovy-xml\4.0.1\groovy-xml-4.0.1.jar;C:\Users\kravikumar\.m2\repository\org\apache\httpcomponents\httpclient\4.5.13\httpclient-4.5.13.jar;C:\Users\kravikumar\.m2\repository\org\apache\httpcomponents\httpcore\4.4.13\httpcore-4.4.13.jar;C:\Users\kravikumar\.m2\repository\commons-logging\commons-logging\1.2\commons-logging-1.2.jar;C:\Users\kravikumar\.m2\repository\org\apache\httpcomponents\httpmime\4.5.13\httpmime-4.5.13.jar;C:\Users\kravikumar\.m2\repository\org\hamcrest\hamcrest\2.1\hamcrest-2.1.jar;C:\Users\kravikumar\.m2\repository\org\ccil\cowan\tagsoup\tagsoup\1.2.1\tagsoup-1.2.1.jar;C:\Users\kravikumar\.m2\repository\io\rest-assured\json-path\5.2.0\json-path-5.2.0.jar;C:\Users\kravikumar\.m2\repository\org\apache\groovy\groovy-json\4.0.1\groovy-json-4.0.1.jar;C:\Users\kravikumar\.m2\repository\io\rest-assured\rest-assured-common\5.2.0\rest-assured-common-5.2.0.jar;C:\Users\kravikumar\.m2\repository\io\rest-assured\xml-path\5.2.0\xml-path-5.2.0.jar;C:\Users\kravikumar\.m2\repository\org\apache\commons\commons-lang3\3.11\commons-lang3-3.11.jar;C:\Users\kravikumar\.m2\repository\org\testng\testng\7.6.1\testng-7.6.1.jar;C:\Users\kravikumar\.m2\repository\com\google\code\findbugs\jsr305\3.0.2\jsr305-3.0.2.jar;C:\Users\kravikumar\.m2\repository\org\slf4j\slf4j-api\1.7.36\slf4j-api-1.7.36.jar;C:\Users\kravikumar\.m2\repository\com\beust\jcommander\1.82\jcommander-1.82.jar;C:\Users\kravikumar\.m2\repository\org\webjars\jquery\3.6.0\jquery-3.6.0.jar;C:\Users\kravikumar\.m2\repository\com\googlecode\json-simple\json-simple\1.1.1\json-simple-1.1.1.jar;C:\Users\kravikumar\.m2\repository\junit\junit\4.10\junit-4.10.jar;C:\Users\kravikumar\.m2\repository\org\hamcrest\hamcrest-core\1.1\hamcrest-core-1.1.jar;C:\Users\kravikumar\.m2\repository\org\apache\poi\poi\5.2.2\poi-5.2.2.jar;C:\Users\kravikumar\.m2\repository\commons-codec\commons-codec\1.15\commons-codec-1.15.jar;C:\Users\kravikumar\.m2\repository\org\apache\commons\commons-collections4\4.4\commons-collections4-4.4.jar;C:\Users\kravikumar\.m2\repository\org\apache\commons\commons-math3\3.6.1\commons-math3-3.6.1.jar;C:\Users\kravikumar\.m2\repository\commons-io\commons-io\2.11.0\commons-io-2.11.0.jar;C:\Users\kravikumar\.m2\repository\com\zaxxer\SparseBitSet\1.2\SparseBitSet-1.2.jar;C:\Users\kravikumar\.m2\repository\org\apache\poi\poi-ooxml\5.2.2\poi-ooxml-5.2.2.jar;C:\Users\kravikumar\.m2\repository\org\apache\poi\poi-ooxml-lite\5.2.2\poi-ooxml-lite-5.2.2.jar;C:\Users\kravikumar\.m2\repository\org\apache\xmlbeans\xmlbeans\5.0.3\xmlbeans-5.0.3.jar;C:\Users\kravikumar\.m2\repository\org\apache\commons\commons-compress\1.21\commons-compress-1.21.jar;C:\Users\kravikumar\.m2\repository\com\github\virtuald\curvesapi\1.07\curvesapi-1.07.jar;C:\Users\kravikumar\.m2\repository\log4j\log4j\1.2.17\log4j-1.2.17.jar;C:\Users\kravikumar\.m2\repository\org\apache\logging\log4j\log4j-core\2.19.0\log4j-core-2.19.0.jar;C:\Users\kravikumar\.m2\repository\org\apache\logging\log4j\log4j-api\2.19.0\log4j-api-2.19.0.jar;C:\Users\kravikumar\.m2\repository\com\aventstack\extentreports\5.0.9\extentreports-5.0.9.jar;C:\Users\kravikumar\.m2\repository\io\reactivex\rxjava3\rxjava\3.0.4\rxjava-3.0.4.jar;C:\Users\kravikumar\.m2\repository\org\reactivestreams\reactive-streams\1.0.3\reactive-streams-1.0.3.jar;C:\Users\kravikumar\.m2\repository\org\freemarker\freemarker\2.3.30\freemarker-2.3.30.jar;C:\Users\kravikumar\.m2\repository\org\projectlombok\lombok\1.18.12\lombok-1.18.12.jar;C:\Users\kravikumar\.m2\repository\com\google\code\gson\gson\2.8.6\gson-2.8.6.jar;"/>
    <property name="sun.cpu.endian" value="little"/>
    <property name="user.home" value="C:\Users\kravikumar"/>
    <property name="user.language" value="en"/>
    <property name="java.specification.vendor" value="Oracle Corporation"/>
    <property name="java.version.date" value="2022-07-19"/>
    <property name="java.home" value="C:\Users\kravikumar\.p2\pool\plugins\org.eclipse.justj.openjdk.hotspot.jre.full.win32.x86_64_17.0.4.v20220805-1047\jre"/>
    <property name="file.separator" value="\"/>
    <property name="style.color" value="always"/>
    <property name="basedir" value="C:\Java\Framework"/>
    <property name="java.vm.compressedOopsMode" value="Zero based"/>
    <property name="line.separator" value="&#10;"/>
    <property name="java.vm.specification.vendor" value="Oracle Corporation"/>
    <property name="java.specification.name" value="Java Platform API Specification"/>
    <property name="surefire.real.class.path" value="C:\Users\kravikumar\AppData\Local\Temp\surefire5152689456787881945\surefirebooter-20221121110429968_3.jar"/>
    <property name="user.script" value=""/>
    <property name="sun.management.compiler" value="HotSpot 64-Bit Tiered Compilers"/>
    <property name="java.runtime.version" value="17.0.4+8"/>
    <property name="user.name" value="kravikumar"/>
    <property name="path.separator" value=";"/>
    <property name="os.version" value="10.0"/>
    <property name="java.runtime.name" value="OpenJDK Runtime Environment"/>
    <property name="file.encoding" value="Cp1252"/>
    <property name="java.vm.name" value="OpenJDK 64-Bit Server VM"/>
    <property name="java.vendor.version" value="Temurin-17.0.4+8"/>
    <property name="localRepository" value="C:\Users\kravikumar\.m2\repository"/>
    <property name="java.vendor.url.bug" value="https://github.com/adoptium/adoptium-support/issues"/>
    <property name="java.io.tmpdir" value="C:\Users\KRAVIK~1\AppData\Local\Temp\"/>
    <property name="java.version" value="17.0.4"/>
    <property name="user.dir" value="C:\Java\Framework"/>
    <property name="os.arch" value="amd64"/>
    <property name="java.vm.specification.name" value="Java Virtual Machine Specification"/>
    <property name="sun.os.patch.level" value=""/>
    <property name="native.encoding" value="Cp1252"/>
    <property name="java.library.path" value="C:\Users\kravikumar\.p2\pool\plugins\org.eclipse.justj.openjdk.hotspot.jre.full.win32.x86_64_17.0.4.v20220805-1047\jre\bin;C:\WINDOWS\Sun\Java\bin;C:\WINDOWS\system32;C:\WINDOWS;C:/Users/kravikumar/.p2/pool/plugins/org.eclipse.justj.openjdk.hotspot.jre.full.win32.x86_64_18.0.1.v20220515-1614/jre/bin/server;C:/Users/kravikumar/.p2/pool/plugins/org.eclipse.justj.openjdk.hotspot.jre.full.win32.x86_64_18.0.1.v20220515-1614/jre/bin;C:\Program Files\Common Files\Oracle\Java\javapath;C:\Windows\system32;C:\Windows;C:\Windows\System32\Wbem;C:\Windows\System32\WindowsPowerShell\v1.0\;C:\Windows\System32\OpenSSH\;C:\Program Files\WindowsPowerShell\Scripts;C:\Program Files\Microsoft VS Code\bin;C:\Program Files\Microsoft SQL Server\Client SDK\ODBC\170\Tools\Binn\;C:\Program Files (x86)\Microsoft SQL Server\150\Tools\Binn\;C:\Program Files\Microsoft SQL Server\150\Tools\Binn\;C:\Program Files\Microsoft SQL Server\150\DTS\Binn\;C:\Program Files (x86)\Microsoft SQL Server\150\DTS\Binn\;C:\Program Files\Azure Data Studio\bin;C:\WINDOWS\system32;C:\WINDOWS;C:\WINDOWS\System32\Wbem;C:\WINDOWS\System32\WindowsPowerShell\v1.0\;C:\WINDOWS\System32\OpenSSH\;C:\Program Files\Git\cmd;C:\Users\kravikumar\AppData\Local\Programs\Python\Python310\Scripts\;C:\Users\kravikumar\AppData\Local\Programs\Python\Python310\;C:\Users\kravikumar\AppData\Local\Microsoft\WindowsApps;;C:\WINDOWS\system32;;."/>
    <property name="java.vm.info" value="mixed mode"/>
    <property name="java.vendor" value="Eclipse Adoptium"/>
    <property name="java.vm.version" value="17.0.4+8"/>
    <property name="sun.io.unicode.encoding" value="UnicodeLittle"/>
    <property name="java.class.version" value="61.0"/>
  </properties>
  <testcase name="checkContentEncoding" classname="com.galaxe.TestCase.TC001_GET_AllEmployees" time="3.071">
    <system-out><![CDATA[On Start method invoked
2022-11-21 11:04:33INFO  EmployeesRestAPI:16 - ***Started TC001***
2022-11-21 11:04:38INFO  EmployeesRestAPI:90 - ***Checking content encoding****
2022-11-21 11:04:38INFO  EmployeesRestAPI:92 - Content encoding is--->gzip
Name of test method succeeded checkContentEncoding
]]></system-out>
    <system-err><![CDATA[SLF4J: Failed to load class "org.slf4j.impl.StaticLoggerBinder".
SLF4J: Defaulting to no-operation (NOP) logger implementation
SLF4J: See http://www.slf4j.org/codes.html#StaticLoggerBinder for further details.
]]></system-err>
  </testcase>
  <testcase name="checkContentType" classname="com.galaxe.TestCase.TC001_GET_AllEmployees" time="2.989">
    <system-out><![CDATA[2022-11-21 11:04:41INFO  EmployeesRestAPI:70 - ***Checking Content type***
2022-11-21 11:04:41INFO  EmployeesRestAPI:72 - Content type isapplication/json; charset=utf-8
Name of test method succeeded checkContentType
]]></system-out>
  </testcase>
  <testcase name="checkCookies" classname="com.galaxe.TestCase.TC001_GET_AllEmployees" time="3.016">
    <system-out><![CDATA[2022-11-21 11:04:44INFO  EmployeesRestAPI:112 - ******Cheking cookies*****
Name of test method succeeded checkCookies
]]></system-out>
  </testcase>
  <testcase name="checkResponseBody" classname="com.galaxe.TestCase.TC001_GET_AllEmployees" time="3.036">
    <system-out><![CDATA[2022-11-21 11:04:47INFO  EmployeesRestAPI:27 - ***Checking Response Body***
2022-11-21 11:04:47INFO  EmployeesRestAPI:29 - Response Body--->{"page":2,"per_page":6,"total":12,"total_pages":2,"data":[{"id":7,"email":"michael.lawson@reqres.in","first_name":"Michael","last_name":"Lawson","avatar":"https://reqres.in/img/faces/7-image.jpg"},{"id":8,"email":"lindsay.ferguson@reqres.in","first_name":"Lindsay","last_name":"Ferguson","avatar":"https://reqres.in/img/faces/8-image.jpg"},{"id":9,"email":"tobias.funke@reqres.in","first_name":"Tobias","last_name":"Funke","avatar":"https://reqres.in/img/faces/9-image.jpg"},{"id":10,"email":"byron.fields@reqres.in","first_name":"Byron","last_name":"Fields","avatar":"https://reqres.in/img/faces/10-image.jpg"},{"id":11,"email":"george.edwards@reqres.in","first_name":"George","last_name":"Edwards","avatar":"https://reqres.in/img/faces/11-image.jpg"},{"id":12,"email":"rachel.howell@reqres.in","first_name":"Rachel","last_name":"Howell","avatar":"https://reqres.in/img/faces/12-image.jpg"}],"support":{"url":"https://reqres.in/#support-heading","text":"To keep ReqRes free, contributions towards server costs are appreciated!"}}
Name of test method succeeded checkResponseBody
]]></system-out>
  </testcase>
  <testcase name="checkResponseTime" classname="com.galaxe.TestCase.TC001_GET_AllEmployees" time="3.006">
    <system-out><![CDATA[2022-11-21 11:04:50INFO  EmployeesRestAPI:47 - ***Checking Response Time***
2022-11-21 11:04:50INFO  EmployeesRestAPI:49 - Response time is-->1279
Name of test method succeeded checkResponseTime
]]></system-out>
  </testcase>
  <testcase name="checkServerType" classname="com.galaxe.TestCase.TC001_GET_AllEmployees" time="3.007">
    <system-out><![CDATA[2022-11-21 11:04:53INFO  EmployeesRestAPI:79 - *****Checking Server Type*****
2022-11-21 11:04:53INFO  EmployeesRestAPI:81 - Server type is--->cloudflare
Name of test method succeeded checkServerType
]]></system-out>
  </testcase>
  <testcase name="checkStatusCode" classname="com.galaxe.TestCase.TC001_GET_AllEmployees" time="0.02">
    <failure message="expected [300] but found [200]" type="java.lang.AssertionError"><![CDATA[java.lang.AssertionError: expected [300] but found [200]
	at org.testng.Assert.fail(Assert.java:110)
	at org.testng.Assert.failNotEquals(Assert.java:1413)
	at org.testng.Assert.assertEqualsImpl(Assert.java:149)
	at org.testng.Assert.assertEquals(Assert.java:131)
	at org.testng.Assert.assertEquals(Assert.java:1240)
	at org.testng.Assert.assertEquals(Assert.java:1274)
	at com.galaxe.TestCase.TC001_GET_AllEmployees.checkStatusCode(TC001_GET_AllEmployees.java:40)
	at java.base/jdk.internal.reflect.NativeMethodAccessorImpl.invoke0(Native Method)
	at java.base/jdk.internal.reflect.NativeMethodAccessorImpl.invoke(NativeMethodAccessorImpl.java:77)
	at java.base/jdk.internal.reflect.DelegatingMethodAccessorImpl.invoke(DelegatingMethodAccessorImpl.java:43)
	at java.base/java.lang.reflect.Method.invoke(Method.java:568)
	at org.testng.internal.invokers.MethodInvocationHelper.invokeMethod(MethodInvocationHelper.java:139)
	at org.testng.internal.invokers.TestInvoker.invokeMethod(TestInvoker.java:677)
	at org.testng.internal.invokers.TestInvoker.invokeTestMethod(TestInvoker.java:221)
	at org.testng.internal.invokers.MethodRunner.runInSequence(MethodRunner.java:50)
	at org.testng.internal.invokers.TestInvoker$MethodInvocationAgent.invoke(TestInvoker.java:962)
	at org.testng.internal.invokers.TestInvoker.invokeTestMethods(TestInvoker.java:194)
	at org.testng.internal.invokers.TestMethodWorker.invokeTestMethods(TestMethodWorker.java:148)
	at org.testng.internal.invokers.TestMethodWorker.run(TestMethodWorker.java:128)
	at java.base/java.util.ArrayList.forEach(ArrayList.java:1511)
	at org.testng.TestRunner.privateRun(TestRunner.java:806)
	at org.testng.TestRunner.run(TestRunner.java:601)
	at org.testng.SuiteRunner.runTest(SuiteRunner.java:433)
	at org.testng.SuiteRunner.runSequentially(SuiteRunner.java:427)
	at org.testng.SuiteRunner.privateRun(SuiteRunner.java:387)
	at org.testng.SuiteRunner.run(SuiteRunner.java:330)
	at org.testng.SuiteRunnerWorker.runSuite(SuiteRunnerWorker.java:52)
	at org.testng.SuiteRunnerWorker.run(SuiteRunnerWorker.java:95)
	at org.testng.TestNG.runSuitesSequentially(TestNG.java:1256)
	at org.testng.TestNG.runSuitesLocally(TestNG.java:1176)
	at org.testng.TestNG.runSuites(TestNG.java:1099)
	at org.testng.TestNG.run(TestNG.java:1067)
	at org.apache.maven.surefire.testng.TestNGExecutor.run(TestNGExecutor.java:324)
	at org.apache.maven.surefire.testng.TestNGXmlTestSuite.execute(TestNGXmlTestSuite.java:74)
	at org.apache.maven.surefire.testng.TestNGProvider.invoke(TestNGProvider.java:123)
	at org.apache.maven.surefire.booter.ForkedBooter.runSuitesInProcess(ForkedBooter.java:456)
	at org.apache.maven.surefire.booter.ForkedBooter.execute(ForkedBooter.java:169)
	at org.apache.maven.surefire.booter.ForkedBooter.run(ForkedBooter.java:595)
	at org.apache.maven.surefire.booter.ForkedBooter.main(ForkedBooter.java:581)
]]></failure>
    <system-out><![CDATA[2022-11-21 11:04:56INFO  EmployeesRestAPI:37 - ***Checking Status code***
2022-11-21 11:04:56INFO  EmployeesRestAPI:39 - Status code is--->200
Failure method invoked
]]></system-out>
  </testcase>
  <testcase name="checkStatusLine" classname="com.galaxe.TestCase.TC001_GET_AllEmployees" time="3.002">
    <system-out><![CDATA[2022-11-21 11:04:56INFO  EmployeesRestAPI:61 - ***Checking Status Line***
2022-11-21 11:04:56INFO  EmployeesRestAPI:63 - Status line is--->HTTP/1.1 200 OK
Name of test method succeeded checkStatusLine
]]></system-out>
  </testcase>
  <testcase name="checkContentType" classname="com.galaxe.TestCase.TC002_Get_Single_Employee" time="3.018">
    <system-out><![CDATA[2022-11-21 11:04:59INFO  EmployeesRestAPI:121 - ***FINISHED TC001****
2022-11-21 11:05:03INFO  EmployeesRestAPI:16 - ***Started TC002***
2022-11-21 11:05:06INFO  EmployeesRestAPI:67 - ***Checking Content type***
2022-11-21 11:05:06INFO  EmployeesRestAPI:69 - Content type isapplication/json; charset=utf-8
Name of test method succeeded checkContentType
]]></system-out>
  </testcase>
  <testcase name="checkResponseBody" classname="com.galaxe.TestCase.TC002_Get_Single_Employee" time="3.005">
    <system-out><![CDATA[2022-11-21 11:05:09INFO  EmployeesRestAPI:26 - ***Checking Response Body***
2022-11-21 11:05:09INFO  EmployeesRestAPI:28 - Response Body--->{"page":1,"per_page":6,"total":12,"total_pages":2,"data":[{"id":1,"name":"cerulean","year":2000,"color":"#98B2D1","pantone_value":"15-4020"},{"id":2,"name":"fuchsia rose","year":2001,"color":"#C74375","pantone_value":"17-2031"},{"id":3,"name":"true red","year":2002,"color":"#BF1932","pantone_value":"19-1664"},{"id":4,"name":"aqua sky","year":2003,"color":"#7BC4C4","pantone_value":"14-4811"},{"id":5,"name":"tigerlily","year":2004,"color":"#E2583E","pantone_value":"17-1456"},{"id":6,"name":"blue turquoise","year":2005,"color":"#53B0AE","pantone_value":"15-5217"}],"support":{"url":"https://reqres.in/#support-heading","text":"To keep ReqRes free, contributions towards server costs are appreciated!"}}
Name of test method succeeded checkResponseBody
]]></system-out>
  </testcase>
  <testcase name="checkResponseTime" classname="com.galaxe.TestCase.TC002_Get_Single_Employee" time="3.005">
    <system-out><![CDATA[2022-11-21 11:05:12INFO  EmployeesRestAPI:45 - ***Checking Response Time***
2022-11-21 11:05:12INFO  EmployeesRestAPI:47 - Response time is-->389
Name of test method succeeded checkResponseTime
]]></system-out>
  </testcase>
  <testcase name="checkServerType" classname="com.galaxe.TestCase.TC002_Get_Single_Employee" time="3.013">
    <system-out><![CDATA[2022-11-21 11:05:15INFO  EmployeesRestAPI:76 - *****Checking Server Type*****
2022-11-21 11:05:15INFO  EmployeesRestAPI:78 - Server type is--->cloudflare
Name of test method succeeded checkServerType
]]></system-out>
  </testcase>
  <testcase name="checkStatusCode" classname="com.galaxe.TestCase.TC002_Get_Single_Employee" time="0.006">
    <failure message="expected [600] but found [200]" type="java.lang.AssertionError"><![CDATA[java.lang.AssertionError: expected [600] but found [200]
	at org.testng.Assert.fail(Assert.java:110)
	at org.testng.Assert.failNotEquals(Assert.java:1413)
	at org.testng.Assert.assertEqualsImpl(Assert.java:149)
	at org.testng.Assert.assertEquals(Assert.java:131)
	at org.testng.Assert.assertEquals(Assert.java:1240)
	at org.testng.Assert.assertEquals(Assert.java:1274)
	at com.galaxe.TestCase.TC002_Get_Single_Employee.checkStatusCode(TC002_Get_Single_Employee.java:38)
	at java.base/jdk.internal.reflect.NativeMethodAccessorImpl.invoke0(Native Method)
	at java.base/jdk.internal.reflect.NativeMethodAccessorImpl.invoke(NativeMethodAccessorImpl.java:77)
	at java.base/jdk.internal.reflect.DelegatingMethodAccessorImpl.invoke(DelegatingMethodAccessorImpl.java:43)
	at java.base/java.lang.reflect.Method.invoke(Method.java:568)
	at org.testng.internal.invokers.MethodInvocationHelper.invokeMethod(MethodInvocationHelper.java:139)
	at org.testng.internal.invokers.TestInvoker.invokeMethod(TestInvoker.java:677)
	at org.testng.internal.invokers.TestInvoker.invokeTestMethod(TestInvoker.java:221)
	at org.testng.internal.invokers.MethodRunner.runInSequence(MethodRunner.java:50)
	at org.testng.internal.invokers.TestInvoker$MethodInvocationAgent.invoke(TestInvoker.java:962)
	at org.testng.internal.invokers.TestInvoker.invokeTestMethods(TestInvoker.java:194)
	at org.testng.internal.invokers.TestMethodWorker.invokeTestMethods(TestMethodWorker.java:148)
	at org.testng.internal.invokers.TestMethodWorker.run(TestMethodWorker.java:128)
	at java.base/java.util.ArrayList.forEach(ArrayList.java:1511)
	at org.testng.TestRunner.privateRun(TestRunner.java:806)
	at org.testng.TestRunner.run(TestRunner.java:601)
	at org.testng.SuiteRunner.runTest(SuiteRunner.java:433)
	at org.testng.SuiteRunner.runSequentially(SuiteRunner.java:427)
	at org.testng.SuiteRunner.privateRun(SuiteRunner.java:387)
	at org.testng.SuiteRunner.run(SuiteRunner.java:330)
	at org.testng.SuiteRunnerWorker.runSuite(SuiteRunnerWorker.java:52)
	at org.testng.SuiteRunnerWorker.run(SuiteRunnerWorker.java:95)
	at org.testng.TestNG.runSuitesSequentially(TestNG.java:1256)
	at org.testng.TestNG.runSuitesLocally(TestNG.java:1176)
	at org.testng.TestNG.runSuites(TestNG.java:1099)
	at org.testng.TestNG.run(TestNG.java:1067)
	at org.apache.maven.surefire.testng.TestNGExecutor.run(TestNGExecutor.java:324)
	at org.apache.maven.surefire.testng.TestNGXmlTestSuite.execute(TestNGXmlTestSuite.java:74)
	at org.apache.maven.surefire.testng.TestNGProvider.invoke(TestNGProvider.java:123)
	at org.apache.maven.surefire.booter.ForkedBooter.runSuitesInProcess(ForkedBooter.java:456)
	at org.apache.maven.surefire.booter.ForkedBooter.execute(ForkedBooter.java:169)
	at org.apache.maven.surefire.booter.ForkedBooter.run(ForkedBooter.java:595)
	at org.apache.maven.surefire.booter.ForkedBooter.main(ForkedBooter.java:581)
]]></failure>
    <system-out><![CDATA[2022-11-21 11:05:18INFO  EmployeesRestAPI:35 - ***Checking Status code***
2022-11-21 11:05:18INFO  EmployeesRestAPI:37 - Status code is--->200
Failure method invoked
]]></system-out>
  </testcase>
  <testcase name="checkStatusLine" classname="com.galaxe.TestCase.TC002_Get_Single_Employee" time="3.011">
    <system-out><![CDATA[2022-11-21 11:05:18INFO  EmployeesRestAPI:58 - ***Checking Status Line***
2022-11-21 11:05:18INFO  EmployeesRestAPI:60 - Status line is--->HTTP/1.1 200 OK
Name of test method succeeded checkStatusLine
]]></system-out>
  </testcase>
  <testcase name="checkResponseBody" classname="com.galaxe.TestCase.TC003_POST_Employee_Record" time="3.016">
    <system-out><![CDATA[2022-11-21 11:05:21INFO  EmployeesRestAPI:98 - ***TC002_FINISHED***
2022-11-21 11:05:21INFO  EmployeesRestAPI:23 - ****Started TC003****
2022-11-21 11:05:26INFO  EmployeesRestAPI:48 - ***Checking Response Body***
2022-11-21 11:05:26INFO  EmployeesRestAPI:50 - Response Body--->{"name":"SureshE","job":"teacher","id":"680","createdAt":"2022-11-21T05:35:25.375Z"}
Name of test method succeeded checkResponseBody
]]></system-out>
  </testcase>
  <testcase name="checkServerType" classname="com.galaxe.TestCase.TC003_POST_Employee_Record" time="3.01">
    <system-out><![CDATA[2022-11-21 11:05:29INFO  EmployeesRestAPI:87 - *****Checking Server Type*****
2022-11-21 11:05:29INFO  EmployeesRestAPI:89 - Server type is--->cloudflare
Name of test method succeeded checkServerType
]]></system-out>
  </testcase>
  <testcase name="checkStatusCode" classname="com.galaxe.TestCase.TC003_POST_Employee_Record" time="3.005">
    <system-out><![CDATA[2022-11-21 11:05:32INFO  EmployeesRestAPI:59 - ***Checking Status code***
2022-11-21 11:05:32INFO  EmployeesRestAPI:61 - Status code is--->201
Name of test method succeeded checkStatusCode
]]></system-out>
  </testcase>
  <testcase name="checkStatusLine" classname="com.galaxe.TestCase.TC003_POST_Employee_Record" time="3.01">
    <system-out><![CDATA[2022-11-21 11:05:35INFO  EmployeesRestAPI:69 - ***Checking Status Line***
2022-11-21 11:05:35INFO  EmployeesRestAPI:71 - Status line is--->HTTP/1.1 201 Created
Name of test method succeeded checkStatusLine
]]></system-out>
  </testcase>
  <testcase name="checkContentType" classname="com.galaxe.TestCase.TC004_PUT_EmployeeRecord" time="3.016">
    <system-out><![CDATA[2022-11-21 11:05:39INFO  EmployeesRestAPI:97 - ***POST Request Completed***
2022-11-21 11:05:39INFO  EmployeesRestAPI:28 - *****TC004 Started*****
2022-11-21 11:05:44INFO  EmployeesRestAPI:87 - ***Checking Content type***
2022-11-21 11:05:44INFO  EmployeesRestAPI:89 - Content type isapplication/json; charset=utf-8
Name of test method succeeded checkContentType
]]></system-out>
  </testcase>
  <testcase name="checkResponseBody" classname="com.galaxe.TestCase.TC004_PUT_EmployeeRecord" time="3.009">
    <system-out><![CDATA[2022-11-21 11:05:47INFO  EmployeesRestAPI:57 - ***Checking Response Body***
2022-11-21 11:05:47INFO  EmployeesRestAPI:59 - Response Body--->{"name":"Sureshw","job":"lawyer","updatedAt":"2022-11-21T05:35:37.890Z"}
Name of test method succeeded checkResponseBody
]]></system-out>
  </testcase>
  <testcase name="checkServerType" classname="com.galaxe.TestCase.TC004_PUT_EmployeeRecord" time="3.007">
    <system-out><![CDATA[2022-11-21 11:05:50INFO  EmployeesRestAPI:96 - *****Checking Server Type*****
2022-11-21 11:05:50INFO  EmployeesRestAPI:98 - Server type is--->cloudflare
Name of test method succeeded checkServerType
]]></system-out>
  </testcase>
  <testcase name="checkStatusCode" classname="com.galaxe.TestCase.TC004_PUT_EmployeeRecord" time="3.011">
    <system-out><![CDATA[2022-11-21 11:05:53INFO  EmployeesRestAPI:68 - ***Checking Status code***
2022-11-21 11:05:53INFO  EmployeesRestAPI:70 - Status code is--->200
Name of test method succeeded checkStatusCode
]]></system-out>
  </testcase>
  <testcase name="checkStatusLine" classname="com.galaxe.TestCase.TC004_PUT_EmployeeRecord" time="3.008">
    <system-out><![CDATA[2022-11-21 11:05:56INFO  EmployeesRestAPI:78 - ***Checking Status Line***
2022-11-21 11:05:56INFO  EmployeesRestAPI:80 - Status line is--->HTTP/1.1 200 OK
Name of test method succeeded checkStatusLine
]]></system-out>
  </testcase>
  <testcase name="checkServerType" classname="com.galaxe.TestCase.TC005_DELETE_Employee_Record" time="3.007">
    <system-out><![CDATA[2022-11-21 11:05:59INFO  EmployeesRestAPI:106 - ***PUT Request Completed***
2022-11-21 11:05:59INFO  EmployeesRestAPI:17 - ****Started TC005****
2022-11-21 11:06:04INFO  EmployeesRestAPI:73 - *****Checking Server Type*****
2022-11-21 11:06:04INFO  EmployeesRestAPI:75 - Server type is--->cloudflare
Name of test method succeeded checkServerType
]]></system-out>
  </testcase>
  <testcase name="checkStatusCode" classname="com.galaxe.TestCase.TC005_DELETE_Employee_Record" time="3.006">
    <system-out><![CDATA[2022-11-21 11:06:07INFO  EmployeesRestAPI:45 - ***Checking Status code***
2022-11-21 11:06:07INFO  EmployeesRestAPI:47 - Status code is--->204
Name of test method succeeded checkStatusCode
]]></system-out>
  </testcase>
  <testcase name="checkStatusLine" classname="com.galaxe.TestCase.TC005_DELETE_Employee_Record" time="3.013">
    <system-out><![CDATA[2022-11-21 11:06:10INFO  EmployeesRestAPI:55 - ***Checking Status Line***
2022-11-21 11:06:10INFO  EmployeesRestAPI:57 - Status line is--->HTTP/1.1 204 No Content
Name of test method succeeded checkStatusLine
]]></system-out>
  </testcase>
</testsuite>