<?xml version="1.0" encoding="UTF-8"?>
<!-- Generated by org.testng.reporters.JUnitReportReporter -->
<testsuite hostname="GBLNB-PG034KGC" failures="0" tests="4" name="com.galaxe.TestCase.TC003_POST_Employee_Record" time="12.043" errors="0" timestamp="2022-11-17T13:03:14 IST" skipped="0">
  <testcase classname="com.galaxe.TestCase.TC003_POST_Employee_Record" name="checkServerType" time="3.011"/>
  <system-out/>
  <testcase classname="com.galaxe.TestCase.TC003_POST_Employee_Record" name="checkResponseBody" time="3.008"/>
  <system-out/>
  <testcase classname="com.galaxe.TestCase.TC003_POST_Employee_Record" name="checkStatusLine" time="3.009"/>
  <system-out/>
  <testcase classname="com.galaxe.TestCase.TC003_POST_Employee_Record" name="checkStatusCode" time="3.015"/>
  <system-out/>
</testsuite> <!-- com.galaxe.TestCase.TC003_POST_Employee_Record -->
