<?xml version="1.0" encoding="UTF-8"?>
<!-- Generated by org.testng.reporters.JUnitReportReporter -->
<testsuite hostname="GBLNB-PG034KGC" failures="0" tests="3" name="com.galaxe.TestCase.TC005_DELETE_Employee_Record" time="9.017" errors="0" timestamp="2022-11-17T13:03:14 IST" skipped="0">
  <testcase classname="com.galaxe.TestCase.TC005_DELETE_Employee_Record" name="checkStatusCode" time="3.006"/>
  <system-out/>
  <testcase classname="com.galaxe.TestCase.TC005_DELETE_Employee_Record" name="checkServerType" time="3.005"/>
  <system-out/>
  <testcase classname="com.galaxe.TestCase.TC005_DELETE_Employee_Record" name="checkStatusLine" time="3.006"/>
  <system-out/>
</testsuite> <!-- com.galaxe.TestCase.TC005_DELETE_Employee_Record -->
